TN:
SF:/usr/include/c++/5/iostream
DA:74,2
LF:1
LH:1
end_of_record
SF:/home/type/branch_test_sample/lcov-branch-coverage-weirdness/main.cpp
FN:6,_ZN1AC2Ev
FNDA:2,_ZN1AC2Ev
FN:18,_Z6equal1ii
FNDA:2,_Z6equal1ii
FN:30,_Z6equal2ii
FNDA:2,_Z6equal2ii
FN:35,_Z9isNotZeroi
FNDA:2,_Z9isNotZeroi
FN:39,_Z3calb
FNDA:2,_Z3calb
FN:42,main
FNDA:2,main
FN:163,_GLOBAL__sub_I__Z6equal1ii
FNDA:2,_GLOBAL__sub_I__Z6equal1ii
FN:163,_Z41__static_initialization_and_destruction_0ii
FNDA:2,_Z41__static_initialization_and_destruction_0ii
DA:6,2
DA:18,2
DA:20,2
BRDA:20,0,0,1
BRDA:20,0,1,0
DA:22,2
DA:26,0
DA:30,2
DA:32,2
DA:35,2
DA:37,2
BRDA:37,0,0,0
BRDA:37,0,1,1
BRDA:37,0,2,-
BRDA:37,0,3,-
DA:39,2
DA:40,2
DA:42,2
DA:44,2
DA:45,2
DA:47,2
DA:48,4
DA:49,2
DA:50,2
DA:51,2
DA:52,2
DA:53,2
DA:54,2
DA:55,2
BRDA:55,0,0,1
BRDA:55,0,1,0
DA:56,2
DA:57,2
DA:58,2
BRDA:58,0,0,1
BRDA:58,0,1,0
DA:60,2
DA:62,2
BRDA:62,0,0,0
BRDA:62,0,1,1
DA:65,2
BRDA:65,0,0,0
BRDA:65,0,1,1
DA:68,2
BRDA:68,0,0,1
BRDA:68,0,1,0
DA:69,2
BRDA:69,0,0,1
BRDA:69,0,1,0
BRDA:69,0,2,1
BRDA:69,0,3,0
BRDA:69,0,4,1
BRDA:69,0,5,0
DA:70,2
BRDA:70,0,0,0
BRDA:70,0,1,1
BRDA:70,0,2,-
BRDA:70,0,3,-
BRDA:70,0,4,-
BRDA:70,0,5,-
DA:71,2
DA:72,2
DA:73,2
DA:75,2
DA:76,2
DA:78,2
BRDA:78,0,0,1
BRDA:78,0,1,0
BRDA:78,0,2,1
BRDA:78,0,3,0
DA:80,2
DA:83,2
BRDA:83,0,0,1
BRDA:83,0,1,0
BRDA:83,0,2,1
BRDA:83,0,3,0
BRDA:83,0,4,1
BRDA:83,0,5,0
DA:85,2
DA:87,2
DA:88,2
BRDA:88,0,0,0
BRDA:88,0,1,1
BRDA:88,0,2,-
BRDA:88,0,3,-
DA:90,0
DA:92,2
BRDA:92,0,0,0
BRDA:92,0,1,1
BRDA:92,0,2,-
BRDA:92,0,3,-
BRDA:92,0,4,0
BRDA:92,0,5,1
DA:94,0
DA:96,2
DA:97,2
BRDA:97,0,0,1
BRDA:97,0,1,0
DA:99,2
DA:102,2
DA:103,2
DA:104,2
DA:105,2
DA:106,2
BRDA:106,0,0,0
BRDA:106,0,1,0
BRDA:106,0,2,1
BRDA:106,0,3,0
BRDA:106,0,4,0
DA:109,0
DA:110,0
DA:112,0
DA:113,0
DA:116,2
DA:117,2
DA:120,0
DA:121,0
DA:125,2
BRDA:125,0,0,0
BRDA:125,0,1,1
DA:126,0
DA:128,2
BRDA:128,0,0,0
BRDA:128,0,1,1
DA:129,0
DA:131,2
BRDA:131,0,0,1
BRDA:131,0,1,0
DA:132,2
DA:134,0
BRDA:134,0,0,-
BRDA:134,0,1,-
DA:135,0
DA:138,0
DA:141,2
BRDA:141,0,0,0
BRDA:141,0,1,1
DA:142,0
DA:144,2
BRDA:144,0,0,1
BRDA:144,0,1,0
DA:145,2
DA:148,0
DA:150,22
BRDA:150,0,0,1
BRDA:150,0,1,1
DA:151,20
BRDA:151,0,0,0
BRDA:151,0,1,1
DA:152,0
DA:156,2
BRDA:156,0,0,0
BRDA:156,0,1,1
BRDA:156,0,2,-
BRDA:156,0,3,-
DA:157,0
DA:159,2
BRDA:159,0,0,0
BRDA:159,0,1,1
BRDA:159,0,2,-
BRDA:159,0,3,-
BRDA:159,0,4,0
BRDA:159,0,5,1
DA:160,0
DA:162,2
DA:163,6
BRDA:163,0,0,1
BRDA:163,0,1,0
BRDA:163,0,2,1
BRDA:163,0,3,0
FNF:8
FNH:8
BRF:85
BRH:34
LF:85
LH:66
end_of_record
SF:/usr/include/c++/5/cmath
FN:99,_ZSt3absIiEN9__gnu_cxx11__enable_ifIXsrSt12__is_integerIT_E7__valueEdE6__typeES3_
FNDA:8,_ZSt3absIiEN9__gnu_cxx11__enable_ifIXsrSt12__is_integerIT_E7__valueEdE6__typeES3_
DA:99,8
DA:100,8
FNF:1
FNH:1
LF:2
LH:2
end_of_record
